<?xml version="1.0" encoding="UTF-8"?>
<testsuite name="CP-001 PARKING COST CALCULATOR Valet" tests="1" skipped="0" failures="0" errors="0" timestamp="2021-08-29T16:05:33" hostname="DESKTOP-L7SN420" time="64.173">
  <properties/>
  <testcase name="Validate the parking price 12:00" classname="CP-001 PARKING COST CALCULATOR Valet" time="64.173"/>
  <system-out><![CDATA[]]></system-out>
  <system-err><![CDATA[ago 29, 2021 11:05:35 AM org.openqa.selenium.remote.DesiredCapabilities chrome
INFORMACIÓN: Using `new ChromeOptions()` is preferred to `DesiredCapabilities.chrome()`
Starting ChromeDriver 91.0.4472.19 (1bf021f248676a0b2ab3ee0561d83a59e424c23e-refs/branch-heads/4472@{#288}) on port 23214
Only local connections are allowed.
Please see https://chromedriver.chromium.org/security-considerations for suggestions on keeping ChromeDriver safe.
ChromeDriver was started successfully.
[1630253154.761][WARNING]: This version of ChromeDriver has not been tested with Chrome version 92.
ago 29, 2021 11:05:55 AM org.openqa.selenium.remote.ProtocolHandshake createSession
INFORMACIÓN: Detected dialect: W3C
ago 29, 2021 11:06:34 AM org.openqa.selenium.os.OsProcess destroy
GRAVE: Unable to kill process java.lang.ProcessImpl@4521fc68
[Test worker] INFO net.thucydides.core.steps.ConsoleLoggingListener - 
        __    _____ _____ ____ _____   ____   _    ____  ____  _____ ____  
  _     \ \  |_   _| ____/ ___|_   _| |  _ \ / \  / ___|/ ___|| ____|  _ \ 
 (_)_____| |   | | |  _| \___ \ | |   | |_) / _ \ \___ \\___ \|  _| | | | |
  _|_____| |   | | | |___ ___) || |   |  __/ ___ \ ___) |___) | |___| |_| |
 (_)     | |   |_| |_____|____/ |_|   |_| /_/   \_\____/|____/|_____|____/ 
        /_/                                                                

TEST PASSED: Validate the parking price 12
----------------------------------------------------------------------------
]]></system-err>
</testsuite>
